This is e-upTeX, Version 3.1415926-p3.4-u1.11-110825-2.6 (utf8.uptex) (TeX Live 2013) (format=uplatex 2016.3.3)  8 JUN 2017 02:29
entering extended mode
 restricted \write18 enabled.
 %&-line parsing enabled.
**q
(/Applications/TeXLive/Library/texlive/2013/texmf-dist/tex/latex/tools/q.tex
pLaTeX2e <2011/05/07u00>+0 (based on LaTeX2e <2011/06/27> patch level 0)
Babel <3.9k> and hyphenation patterns for 78 languages loaded.
File ignored
)
! Emergency stop.
<*> q
     
*** (job aborted, no legal \end found)

 
Here is how much of TeX's memory you used:
 5 strings out of 493994
 226 string characters out of 6147628
 53502 words of memory out of 5000000
 3571 multiletter control sequences out of 15000+600000
 5975 words of font info for 31 fonts, out of 8000000 for 9000
 745 hyphenation exceptions out of 8191
 5i,0n,1p,81b,8s stack positions out of 5000i,500n,10000p,200000b,80000s
No pages of output.
